<?xml version="1.0" encoding="UTF-8"?>
<testng-results ignored="0" total="0" passed="0" failed="0" skipped="0">
  <reporter-output>
  </reporter-output>
  <suite started-at="2019-04-01T04:31:25Z" name="Surefire suite" finished-at="2019-04-01T04:37:37Z" duration-ms="372120">
    <groups>
    </groups>
    <test started-at="2019-04-01T04:31:25Z" name="Surefire test" finished-at="2019-04-01T04:37:37Z" duration-ms="372120">
    </test> <!-- Surefire test -->
  </suite> <!-- Surefire suite -->
</testng-results>
