<?xml version="1.0" encoding="UTF-8" standalone="no"?>
<testsuite failures="0" name="cucumber.runtime.formatter.JUnitFormatter" skipped="0" tests="1" time="23.052862">
    <testcase classname="Amazon shopping cart functionality" name="Search for a product and verify the list count" time="23.052862">
        <system-out>
            <![CDATA[Given I navigate to "https://www.amazon.com/"...............................passed
Given I search for the product "iphone 8"...................................passed
Then I read the list of product descriptions on page 1......................passed
Then I validate if following products are found in the page.................passed
]]>
        </system-out>
    </testcase>
</testsuite>
